<?xml version="1.0" encoding="UTF-8"?>
<testng-results ignored="0" total="1" passed="1" failed="0" skipped="0">
  <reporter-output>
  </reporter-output>
  <suite started-at="2022-12-29T01:10:30 IST" name="Suite" finished-at="2022-12-29T01:10:41 IST" duration-ms="10653">
    <groups>
    </groups>
    <test started-at="2022-12-29T01:10:30 IST" name="Test" finished-at="2022-12-29T01:10:41 IST" duration-ms="10653">
      <class name="demopackage.launchbrowser1">
        <test-method signature="browserLaunch()[pri:0, instance:demopackage.launchbrowser1@73700b80]" started-at="2022-12-29T01:10:30 IST" name="browserLaunch" finished-at="2022-12-29T01:10:41 IST" duration-ms="10597" status="PASS">
          <reporter-output>
          </reporter-output>
        </test-method> <!-- browserLaunch -->
      </class> <!-- demopackage.launchbrowser1 -->
    </test> <!-- Test -->
  </suite> <!-- Suite -->
</testng-results>
